<?xml version="1.0" encoding="UTF-8"?>
<!-- Generated by org.testng.reporters.JUnitXMLReporter -->
<testsuite ignored="0" hostname="Bhavesh" failures="0" tests="6" name="Test" time="0.053" errors="0" timestamp="2022-09-21T09:18:52 IST">
  <testcase classname="testNG.Demo_Before_After_Group" name="method2" time="0.009"/>
  <testcase classname="testNG.Demo_Before_After_Class" name="method1" time="0.006"/>
  <testcase classname="testNG.Before_After_Class3" name="method1" time="0.008"/>
  <testcase classname="testNG.Demo_Before_After_Class" name="method2" time="0.008"/>
  <testcase classname="testNG.Before_After_Class2" name="method1" time="0.009"/>
  <testcase classname="testNG.Before_After_Class3" name="method2" time="0.002"/>
</testsuite> <!-- Test -->
