<?xml version="1.0" encoding="UTF-8"?>
<testng-results ignored="0" total="1" passed="1" failed="0" skipped="0">
  <reporter-output>
  </reporter-output>
  <suite started-at="2022-09-29T20:44:37 IST" name="Default suite" finished-at="2022-09-29T20:44:40 IST" duration-ms="2410">
    <groups>
    </groups>
    <test started-at="2022-09-29T20:44:37 IST" name="Default test" finished-at="2022-09-29T20:44:40 IST" duration-ms="2410">
      <class name="restAssured.GetID_Request">
        <test-method signature="getID()[pri:0, instance:restAssured.GetID_Request@53aac487]" started-at="2022-09-29T20:44:37 IST" name="getID" finished-at="2022-09-29T20:44:40 IST" duration-ms="2372" status="PASS">
          <reporter-output>
          </reporter-output>
        </test-method> <!-- getID -->
      </class> <!-- restAssured.GetID_Request -->
    </test> <!-- Default test -->
  </suite> <!-- Default suite -->
</testng-results>
